

============================== 2023-01-18 21:00:49.032821 | f8d7fbec-42c7-4a08-a980-5d63ee858a62 ==============================
[0m21:00:49.032821 [info ] [MainThread]: Running with dbt=1.3.2
[0m21:00:49.033823 [debug] [MainThread]: running dbt with arguments {'write_json': True, 'use_colors': True, 'printer_width': 80, 'version_check': True, 'partial_parse': True, 'static_parser': True, 'profiles_dir': 'C:\\Users\\ranli\\.dbt', 'send_anonymous_usage_stats': True, 'event_buffer_size': 100000, 'quiet': False, 'no_print': False, 'cache_selected_only': False, 'project_name': 'bilal_mortality', 'skip_profile_setup': False, 'which': 'init', 'indirect_selection': 'eager'}
[0m21:00:49.033823 [debug] [MainThread]: Tracking: tracking
[0m21:00:49.053822 [debug] [MainThread]: Sending event: {'category': 'dbt', 'action': 'invocation', 'label': 'start', 'context': [<snowplow_tracker.self_describing_json.SelfDescribingJson object at 0x00000207C5021870>, <snowplow_tracker.self_describing_json.SelfDescribingJson object at 0x00000207C50217B0>, <snowplow_tracker.self_describing_json.SelfDescribingJson object at 0x00000207C50216F0>]}
[0m21:00:49.055821 [debug] [MainThread]: Starter project path: d:\git\bilal-mortality-dbt\.venv\lib\site-packages\dbt\include\starter_project
[0m21:00:51.274913 [info ] [MainThread]: No sample profile found for duckdb.
[0m21:00:51.274913 [info ] [MainThread]: 
Your new dbt project "bilal_mortality" was created!

For more information on how to configure the profiles.yml file,
please consult the dbt documentation here:

  https://docs.getdbt.com/docs/configure-your-profile

One more thing:

Need help? Don't hesitate to reach out to us via GitHub issues or on Slack:

  https://community.getdbt.com/

Happy modeling!

[0m21:00:51.277914 [debug] [MainThread]: Sending event: {'category': 'dbt', 'action': 'invocation', 'label': 'end', 'context': [<snowplow_tracker.self_describing_json.SelfDescribingJson object at 0x00000207C5021300>, <snowplow_tracker.self_describing_json.SelfDescribingJson object at 0x00000207C5021690>, <snowplow_tracker.self_describing_json.SelfDescribingJson object at 0x00000207C5021510>]}
[0m21:00:51.277914 [debug] [MainThread]: Flushing usage events


============================== 2023-01-18 21:08:12.159726 | a99d0fa5-29b5-42a9-8abf-99195fed0064 ==============================
[0m21:08:12.159726 [info ] [MainThread]: Running with dbt=1.3.2
[0m21:08:12.160727 [debug] [MainThread]: running dbt with arguments {'write_json': True, 'use_colors': True, 'printer_width': 80, 'version_check': True, 'partial_parse': True, 'static_parser': True, 'profiles_dir': 'D:\\git\\bilal-mortality-dbt', 'send_anonymous_usage_stats': True, 'event_buffer_size': 100000, 'quiet': False, 'no_print': False, 'cache_selected_only': False, 'which': 'run', 'rpc_method': 'run', 'indirect_selection': 'eager'}
[0m21:08:12.160727 [debug] [MainThread]: Tracking: tracking
[0m21:08:12.179726 [debug] [MainThread]: Sending event: {'category': 'dbt', 'action': 'invocation', 'label': 'start', 'context': [<snowplow_tracker.self_describing_json.SelfDescribingJson object at 0x000001737982C2E0>, <snowplow_tracker.self_describing_json.SelfDescribingJson object at 0x000001737982DE40>, <snowplow_tracker.self_describing_json.SelfDescribingJson object at 0x000001737982C0A0>]}
[0m21:08:12.193726 [info ] [MainThread]: Partial parse save file not found. Starting full parse.
[0m21:08:12.193726 [debug] [MainThread]: Sending event: {'category': 'dbt', 'action': 'partial_parser', 'label': 'a99d0fa5-29b5-42a9-8abf-99195fed0064', 'context': [<snowplow_tracker.self_describing_json.SelfDescribingJson object at 0x000001737982FD90>]}
[0m21:08:12.539840 [debug] [MainThread]: Parsing macros\adapters.sql
[0m21:08:12.570840 [debug] [MainThread]: Parsing macros\catalog.sql
[0m21:08:12.572840 [debug] [MainThread]: Parsing macros\seed.sql
[0m21:08:12.578843 [debug] [MainThread]: Parsing macros\snapshot_merge.sql
[0m21:08:12.580840 [debug] [MainThread]: Parsing macros\materializations\external.sql
[0m21:08:12.591870 [debug] [MainThread]: Parsing macros\materializations\incremental.sql
[0m21:08:12.603870 [debug] [MainThread]: Parsing macros\materializations\table.sql
[0m21:08:12.609868 [debug] [MainThread]: Parsing macros\utils\any_value.sql
[0m21:08:12.610841 [debug] [MainThread]: Parsing macros\utils\dateadd.sql
[0m21:08:12.611871 [debug] [MainThread]: Parsing macros\utils\datediff.sql
[0m21:08:12.616865 [debug] [MainThread]: Parsing macros\utils\external_location.sql
[0m21:08:12.617864 [debug] [MainThread]: Parsing macros\utils\lastday.sql
[0m21:08:12.619864 [debug] [MainThread]: Parsing macros\utils\listagg.sql
[0m21:08:12.620869 [debug] [MainThread]: Parsing macros\utils\splitpart.sql
[0m21:08:12.621841 [debug] [MainThread]: Parsing macros\adapters\apply_grants.sql
[0m21:08:12.637841 [debug] [MainThread]: Parsing macros\adapters\columns.sql
[0m21:08:12.649865 [debug] [MainThread]: Parsing macros\adapters\freshness.sql
[0m21:08:12.651857 [debug] [MainThread]: Parsing macros\adapters\indexes.sql
[0m21:08:12.654841 [debug] [MainThread]: Parsing macros\adapters\metadata.sql
[0m21:08:12.662864 [debug] [MainThread]: Parsing macros\adapters\persist_docs.sql
[0m21:08:12.667841 [debug] [MainThread]: Parsing macros\adapters\relation.sql
[0m21:08:12.683871 [debug] [MainThread]: Parsing macros\adapters\schema.sql
[0m21:08:12.686867 [debug] [MainThread]: Parsing macros\adapters\timestamps.sql
[0m21:08:12.690867 [debug] [MainThread]: Parsing macros\etc\datetime.sql
[0m21:08:12.698866 [debug] [MainThread]: Parsing macros\etc\statement.sql
[0m21:08:12.704843 [debug] [MainThread]: Parsing macros\generic_test_sql\accepted_values.sql
[0m21:08:12.706843 [debug] [MainThread]: Parsing macros\generic_test_sql\not_null.sql
[0m21:08:12.707840 [debug] [MainThread]: Parsing macros\generic_test_sql\relationships.sql
[0m21:08:12.708840 [debug] [MainThread]: Parsing macros\generic_test_sql\unique.sql
[0m21:08:12.709840 [debug] [MainThread]: Parsing macros\get_custom_name\get_custom_alias.sql
[0m21:08:12.711840 [debug] [MainThread]: Parsing macros\get_custom_name\get_custom_database.sql
[0m21:08:12.712840 [debug] [MainThread]: Parsing macros\get_custom_name\get_custom_schema.sql
[0m21:08:12.715840 [debug] [MainThread]: Parsing macros\materializations\configs.sql
[0m21:08:12.718876 [debug] [MainThread]: Parsing macros\materializations\hooks.sql
[0m21:08:12.722865 [debug] [MainThread]: Parsing macros\materializations\models\incremental\column_helpers.sql
[0m21:08:12.730864 [debug] [MainThread]: Parsing macros\materializations\models\incremental\incremental.sql
[0m21:08:12.741841 [debug] [MainThread]: Parsing macros\materializations\models\incremental\is_incremental.sql
[0m21:08:12.743844 [debug] [MainThread]: Parsing macros\materializations\models\incremental\merge.sql
[0m21:08:12.757841 [debug] [MainThread]: Parsing macros\materializations\models\incremental\on_schema_change.sql
[0m21:08:12.775842 [debug] [MainThread]: Parsing macros\materializations\models\incremental\strategies.sql
[0m21:08:12.783842 [debug] [MainThread]: Parsing macros\materializations\models\table\create_table_as.sql
[0m21:08:12.787843 [debug] [MainThread]: Parsing macros\materializations\models\table\table.sql
[0m21:08:12.794843 [debug] [MainThread]: Parsing macros\materializations\models\view\create_or_replace_view.sql
[0m21:08:12.797839 [debug] [MainThread]: Parsing macros\materializations\models\view\create_view_as.sql
[0m21:08:12.800841 [debug] [MainThread]: Parsing macros\materializations\models\view\helpers.sql
[0m21:08:12.802840 [debug] [MainThread]: Parsing macros\materializations\models\view\view.sql
[0m21:08:12.807839 [debug] [MainThread]: Parsing macros\materializations\seeds\helpers.sql
[0m21:08:12.825840 [debug] [MainThread]: Parsing macros\materializations\seeds\seed.sql
[0m21:08:12.832839 [debug] [MainThread]: Parsing macros\materializations\snapshots\helpers.sql
[0m21:08:12.845843 [debug] [MainThread]: Parsing macros\materializations\snapshots\snapshot.sql
[0m21:08:12.858842 [debug] [MainThread]: Parsing macros\materializations\snapshots\snapshot_merge.sql
[0m21:08:12.860843 [debug] [MainThread]: Parsing macros\materializations\snapshots\strategies.sql
[0m21:08:12.878842 [debug] [MainThread]: Parsing macros\materializations\tests\helpers.sql
[0m21:08:12.880842 [debug] [MainThread]: Parsing macros\materializations\tests\test.sql
[0m21:08:12.885842 [debug] [MainThread]: Parsing macros\materializations\tests\where_subquery.sql
[0m21:08:12.887843 [debug] [MainThread]: Parsing macros\python_model\python.sql
[0m21:08:12.893844 [debug] [MainThread]: Parsing macros\utils\any_value.sql
[0m21:08:12.895840 [debug] [MainThread]: Parsing macros\utils\array_append.sql
[0m21:08:12.896840 [debug] [MainThread]: Parsing macros\utils\array_concat.sql
[0m21:08:12.897840 [debug] [MainThread]: Parsing macros\utils\array_construct.sql
[0m21:08:12.899846 [debug] [MainThread]: Parsing macros\utils\bool_or.sql
[0m21:08:12.900840 [debug] [MainThread]: Parsing macros\utils\cast_bool_to_text.sql
[0m21:08:12.901840 [debug] [MainThread]: Parsing macros\utils\concat.sql
[0m21:08:12.903840 [debug] [MainThread]: Parsing macros\utils\data_types.sql
[0m21:08:12.911843 [debug] [MainThread]: Parsing macros\utils\dateadd.sql
[0m21:08:12.912843 [debug] [MainThread]: Parsing macros\utils\datediff.sql
[0m21:08:12.914856 [debug] [MainThread]: Parsing macros\utils\date_trunc.sql
[0m21:08:12.915860 [debug] [MainThread]: Parsing macros\utils\escape_single_quotes.sql
[0m21:08:12.917845 [debug] [MainThread]: Parsing macros\utils\except.sql
[0m21:08:12.918849 [debug] [MainThread]: Parsing macros\utils\hash.sql
[0m21:08:12.919850 [debug] [MainThread]: Parsing macros\utils\intersect.sql
[0m21:08:12.920850 [debug] [MainThread]: Parsing macros\utils\last_day.sql
[0m21:08:12.922847 [debug] [MainThread]: Parsing macros\utils\length.sql
[0m21:08:12.924840 [debug] [MainThread]: Parsing macros\utils\listagg.sql
[0m21:08:12.926840 [debug] [MainThread]: Parsing macros\utils\literal.sql
[0m21:08:12.927841 [debug] [MainThread]: Parsing macros\utils\position.sql
[0m21:08:12.929870 [debug] [MainThread]: Parsing macros\utils\replace.sql
[0m21:08:12.930873 [debug] [MainThread]: Parsing macros\utils\right.sql
[0m21:08:12.931873 [debug] [MainThread]: Parsing macros\utils\safe_cast.sql
[0m21:08:12.933872 [debug] [MainThread]: Parsing macros\utils\split_part.sql
[0m21:08:12.935872 [debug] [MainThread]: Parsing tests\generic\builtin.sql
[0m21:08:13.240871 [debug] [MainThread]: 1699: static parser successfully parsed example\my_first_dbt_model.sql
[0m21:08:13.251864 [debug] [MainThread]: 1699: static parser successfully parsed example\my_second_dbt_model.sql
[0m21:08:13.306873 [debug] [MainThread]: Sending event: {'category': 'dbt', 'action': 'load_project', 'label': 'a99d0fa5-29b5-42a9-8abf-99195fed0064', 'context': [<snowplow_tracker.self_describing_json.SelfDescribingJson object at 0x00000173799C3040>]}
[0m21:08:13.312840 [debug] [MainThread]: Sending event: {'category': 'dbt', 'action': 'resource_counts', 'label': 'a99d0fa5-29b5-42a9-8abf-99195fed0064', 'context': [<snowplow_tracker.self_describing_json.SelfDescribingJson object at 0x000001737982DAE0>]}
[0m21:08:13.312840 [info ] [MainThread]: Found 2 models, 4 tests, 0 snapshots, 0 analyses, 293 macros, 0 operations, 0 seed files, 0 sources, 0 exposures, 0 metrics
[0m21:08:13.313841 [debug] [MainThread]: Sending event: {'category': 'dbt', 'action': 'runnable_timing', 'label': 'a99d0fa5-29b5-42a9-8abf-99195fed0064', 'context': [<snowplow_tracker.self_describing_json.SelfDescribingJson object at 0x000001737994A9E0>]}
[0m21:08:13.314840 [info ] [MainThread]: 
[0m21:08:13.315840 [debug] [MainThread]: Acquiring new duckdb connection "master"
[0m21:08:13.316839 [debug] [ThreadPool]: Acquiring new duckdb connection "list_main"
[0m21:08:13.326839 [debug] [ThreadPool]: Using duckdb connection "list_main"
[0m21:08:13.326839 [debug] [ThreadPool]: On list_main: /* {"app": "dbt", "dbt_version": "1.3.2", "profile_name": "bilal_mortality", "target_name": "dev", "connection_name": "list_main"} */

    
    select schema_name
    from information_schema.schemata
  
  
[0m21:08:13.326839 [debug] [ThreadPool]: Opening a new connection, currently in state init
[0m21:08:13.574920 [debug] [ThreadPool]: SQL status: OK in 0.25 seconds
[0m21:08:13.575917 [debug] [ThreadPool]: On list_main: Close
[0m21:08:13.578918 [debug] [ThreadPool]: Acquiring new duckdb connection "create_main_csv"
[0m21:08:13.578918 [debug] [ThreadPool]: Acquiring new duckdb connection "create_main_csv"
[0m21:08:13.579917 [debug] [ThreadPool]: Creating schema "_ReferenceKey(database='main', schema='csv', identifier=None)"
[0m21:08:13.583948 [debug] [ThreadPool]: Using duckdb connection "create_main_csv"
[0m21:08:13.583948 [debug] [ThreadPool]: On create_main_csv: BEGIN
[0m21:08:13.583948 [debug] [ThreadPool]: Opening a new connection, currently in state closed
[0m21:08:13.739949 [debug] [ThreadPool]: SQL status: OK in 0.16 seconds
[0m21:08:13.740951 [debug] [ThreadPool]: Using duckdb connection "create_main_csv"
[0m21:08:13.740951 [debug] [ThreadPool]: On create_main_csv: /* {"app": "dbt", "dbt_version": "1.3.2", "profile_name": "bilal_mortality", "target_name": "dev", "connection_name": "create_main_csv"} */
create schema if not exists "csv"
[0m21:08:13.740951 [debug] [ThreadPool]: SQL status: OK in 0.0 seconds
[0m21:08:13.741917 [debug] [ThreadPool]: On create_main_csv: COMMIT
[0m21:08:13.741917 [debug] [ThreadPool]: Using duckdb connection "create_main_csv"
[0m21:08:13.742919 [debug] [ThreadPool]: On create_main_csv: COMMIT
[0m21:08:13.790055 [debug] [ThreadPool]: SQL status: OK in 0.05 seconds
[0m21:08:13.790968 [debug] [ThreadPool]: On create_main_csv: Close
[0m21:08:13.879094 [debug] [ThreadPool]: Acquiring new duckdb connection "list_main_csv"
[0m21:08:13.883124 [debug] [ThreadPool]: Using duckdb connection "list_main_csv"
[0m21:08:13.884097 [debug] [ThreadPool]: On list_main_csv: BEGIN
[0m21:08:13.884097 [debug] [ThreadPool]: Opening a new connection, currently in state init
[0m21:08:14.040894 [debug] [ThreadPool]: SQL status: OK in 0.16 seconds
[0m21:08:14.040894 [debug] [ThreadPool]: Using duckdb connection "list_main_csv"
[0m21:08:14.040894 [debug] [ThreadPool]: On list_main_csv: /* {"app": "dbt", "dbt_version": "1.3.2", "profile_name": "bilal_mortality", "target_name": "dev", "connection_name": "list_main_csv"} */
select
      'main' as database,
      table_name as name,
      table_schema as schema,
      CASE table_type
        WHEN 'BASE TABLE' THEN 'table'
        WHEN 'VIEW' THEN 'view'
        WHEN 'LOCAL TEMPORARY' THEN 'table'
        END as type
    from information_schema.tables
    where table_schema = 'csv'
  
[0m21:08:14.058865 [debug] [ThreadPool]: SQL status: OK in 0.02 seconds
[0m21:08:14.060865 [debug] [ThreadPool]: On list_main_csv: ROLLBACK
[0m21:08:14.061899 [debug] [ThreadPool]: Failed to rollback 'list_main_csv'
[0m21:08:14.061899 [debug] [ThreadPool]: On list_main_csv: Close
[0m21:08:14.063865 [debug] [MainThread]: Sending event: {'category': 'dbt', 'action': 'runnable_timing', 'label': 'a99d0fa5-29b5-42a9-8abf-99195fed0064', 'context': [<snowplow_tracker.self_describing_json.SelfDescribingJson object at 0x0000017379AF3640>]}
[0m21:08:14.064890 [debug] [MainThread]: Using duckdb connection "master"
[0m21:08:14.064890 [debug] [MainThread]: On master: BEGIN
[0m21:08:14.064890 [debug] [MainThread]: Opening a new connection, currently in state init
[0m21:08:14.219865 [debug] [MainThread]: SQL status: OK in 0.15 seconds
[0m21:08:14.220867 [debug] [MainThread]: On master: COMMIT
[0m21:08:14.220867 [debug] [MainThread]: Using duckdb connection "master"
[0m21:08:14.220867 [debug] [MainThread]: On master: COMMIT
[0m21:08:14.220867 [debug] [MainThread]: SQL status: OK in 0.0 seconds
[0m21:08:14.221868 [debug] [MainThread]: On master: Close
[0m21:08:14.222865 [info ] [MainThread]: Concurrency: 1 threads (target='dev')
[0m21:08:14.223897 [info ] [MainThread]: 
[0m21:08:14.228865 [debug] [Thread-1 (]: Began running node model.bilal_mortality.my_first_dbt_model
[0m21:08:14.228865 [info ] [Thread-1 (]: 1 of 2 START sql table model csv.my_first_dbt_model ............................ [RUN]
[0m21:08:14.229865 [debug] [Thread-1 (]: Acquiring new duckdb connection "model.bilal_mortality.my_first_dbt_model"
[0m21:08:14.230864 [debug] [Thread-1 (]: Began compiling node model.bilal_mortality.my_first_dbt_model
[0m21:08:14.230864 [debug] [Thread-1 (]: Compiling model.bilal_mortality.my_first_dbt_model
[0m21:08:14.233863 [debug] [Thread-1 (]: Writing injected SQL for node "model.bilal_mortality.my_first_dbt_model"
[0m21:08:14.234865 [debug] [Thread-1 (]: finished collecting timing info
[0m21:08:14.235864 [debug] [Thread-1 (]: Began executing node model.bilal_mortality.my_first_dbt_model
[0m21:08:14.265867 [debug] [Thread-1 (]: Writing runtime sql for node "model.bilal_mortality.my_first_dbt_model"
[0m21:08:14.267866 [debug] [Thread-1 (]: Using duckdb connection "model.bilal_mortality.my_first_dbt_model"
[0m21:08:14.267866 [debug] [Thread-1 (]: On model.bilal_mortality.my_first_dbt_model: BEGIN
[0m21:08:14.267866 [debug] [Thread-1 (]: Opening a new connection, currently in state init
[0m21:08:14.420895 [debug] [Thread-1 (]: SQL status: OK in 0.15 seconds
[0m21:08:14.420895 [debug] [Thread-1 (]: Using duckdb connection "model.bilal_mortality.my_first_dbt_model"
[0m21:08:14.420895 [debug] [Thread-1 (]: On model.bilal_mortality.my_first_dbt_model: /* {"app": "dbt", "dbt_version": "1.3.2", "profile_name": "bilal_mortality", "target_name": "dev", "node_id": "model.bilal_mortality.my_first_dbt_model"} */

  
    

    create  table
      "csv"."my_first_dbt_model__dbt_tmp"
    as (
      /*
    Welcome to your first dbt model!
    Did you know that you can also configure models directly within SQL files?
    This will override configurations stated in dbt_project.yml

    Try changing "table" to "view" below
*/



with source_data as (

    select 1 as id
    union all
    select null as id

)

select *
from source_data

/*
    Uncomment the line below to remove records with null `id` values
*/

-- where id is not null
    );
  
[0m21:08:14.421865 [debug] [Thread-1 (]: SQL status: OK in 0.0 seconds
[0m21:08:14.426894 [debug] [Thread-1 (]: Using duckdb connection "model.bilal_mortality.my_first_dbt_model"
[0m21:08:14.427894 [debug] [Thread-1 (]: On model.bilal_mortality.my_first_dbt_model: /* {"app": "dbt", "dbt_version": "1.3.2", "profile_name": "bilal_mortality", "target_name": "dev", "node_id": "model.bilal_mortality.my_first_dbt_model"} */
alter table "main"."csv"."my_first_dbt_model__dbt_tmp" rename to "my_first_dbt_model"
[0m21:08:14.427894 [debug] [Thread-1 (]: SQL status: OK in 0.0 seconds
[0m21:08:14.443895 [debug] [Thread-1 (]: On model.bilal_mortality.my_first_dbt_model: COMMIT
[0m21:08:14.443895 [debug] [Thread-1 (]: Using duckdb connection "model.bilal_mortality.my_first_dbt_model"
[0m21:08:14.444875 [debug] [Thread-1 (]: On model.bilal_mortality.my_first_dbt_model: COMMIT
[0m21:08:14.490914 [debug] [Thread-1 (]: SQL status: OK in 0.05 seconds
[0m21:08:14.494792 [debug] [Thread-1 (]: Using duckdb connection "model.bilal_mortality.my_first_dbt_model"
[0m21:08:14.495793 [debug] [Thread-1 (]: On model.bilal_mortality.my_first_dbt_model: /* {"app": "dbt", "dbt_version": "1.3.2", "profile_name": "bilal_mortality", "target_name": "dev", "node_id": "model.bilal_mortality.my_first_dbt_model"} */
drop table if exists "csv"."my_first_dbt_model__dbt_backup" cascade
[0m21:08:14.495793 [debug] [Thread-1 (]: SQL status: OK in 0.0 seconds
[0m21:08:14.496763 [debug] [Thread-1 (]: finished collecting timing info
[0m21:08:14.496763 [debug] [Thread-1 (]: On model.bilal_mortality.my_first_dbt_model: Close
[0m21:08:14.603761 [debug] [Thread-1 (]: Sending event: {'category': 'dbt', 'action': 'run_model', 'label': 'a99d0fa5-29b5-42a9-8abf-99195fed0064', 'context': [<snowplow_tracker.self_describing_json.SelfDescribingJson object at 0x0000017379B65240>]}
[0m21:08:14.603761 [info ] [Thread-1 (]: 1 of 2 OK created sql table model csv.my_first_dbt_model ....................... [[32mOK[0m in 0.37s]
[0m21:08:14.604761 [debug] [Thread-1 (]: Finished running node model.bilal_mortality.my_first_dbt_model
[0m21:08:14.605761 [debug] [Thread-1 (]: Began running node model.bilal_mortality.my_second_dbt_model
[0m21:08:14.606761 [info ] [Thread-1 (]: 2 of 2 START sql view model csv.my_second_dbt_model ............................ [RUN]
[0m21:08:14.606761 [debug] [Thread-1 (]: Acquiring new duckdb connection "model.bilal_mortality.my_second_dbt_model"
[0m21:08:14.607792 [debug] [Thread-1 (]: Began compiling node model.bilal_mortality.my_second_dbt_model
[0m21:08:14.607792 [debug] [Thread-1 (]: Compiling model.bilal_mortality.my_second_dbt_model
[0m21:08:14.609762 [debug] [Thread-1 (]: Writing injected SQL for node "model.bilal_mortality.my_second_dbt_model"
[0m21:08:14.610762 [debug] [Thread-1 (]: finished collecting timing info
[0m21:08:14.611764 [debug] [Thread-1 (]: Began executing node model.bilal_mortality.my_second_dbt_model
[0m21:08:14.627764 [debug] [Thread-1 (]: Writing runtime sql for node "model.bilal_mortality.my_second_dbt_model"
[0m21:08:14.627764 [debug] [Thread-1 (]: Using duckdb connection "model.bilal_mortality.my_second_dbt_model"
[0m21:08:14.628762 [debug] [Thread-1 (]: On model.bilal_mortality.my_second_dbt_model: BEGIN
[0m21:08:14.628762 [debug] [Thread-1 (]: Opening a new connection, currently in state closed
[0m21:08:14.786795 [debug] [Thread-1 (]: SQL status: OK in 0.16 seconds
[0m21:08:14.786795 [debug] [Thread-1 (]: Using duckdb connection "model.bilal_mortality.my_second_dbt_model"
[0m21:08:14.786795 [debug] [Thread-1 (]: On model.bilal_mortality.my_second_dbt_model: /* {"app": "dbt", "dbt_version": "1.3.2", "profile_name": "bilal_mortality", "target_name": "dev", "node_id": "model.bilal_mortality.my_second_dbt_model"} */

  create view "csv"."my_second_dbt_model__dbt_tmp" as (
    -- Use the `ref` function to select from other models

select *
from "main"."csv"."my_first_dbt_model"
where id = 1
  );

[0m21:08:14.787760 [debug] [Thread-1 (]: SQL status: OK in 0.0 seconds
[0m21:08:14.790793 [debug] [Thread-1 (]: Using duckdb connection "model.bilal_mortality.my_second_dbt_model"
[0m21:08:14.790793 [debug] [Thread-1 (]: On model.bilal_mortality.my_second_dbt_model: /* {"app": "dbt", "dbt_version": "1.3.2", "profile_name": "bilal_mortality", "target_name": "dev", "node_id": "model.bilal_mortality.my_second_dbt_model"} */
alter view "main"."csv"."my_second_dbt_model__dbt_tmp" rename to "my_second_dbt_model"
[0m21:08:14.791760 [debug] [Thread-1 (]: SQL status: OK in 0.0 seconds
[0m21:08:14.792789 [debug] [Thread-1 (]: On model.bilal_mortality.my_second_dbt_model: COMMIT
[0m21:08:14.792789 [debug] [Thread-1 (]: Using duckdb connection "model.bilal_mortality.my_second_dbt_model"
[0m21:08:14.792789 [debug] [Thread-1 (]: On model.bilal_mortality.my_second_dbt_model: COMMIT
[0m21:08:14.822761 [debug] [Thread-1 (]: SQL status: OK in 0.03 seconds
[0m21:08:14.825760 [debug] [Thread-1 (]: Using duckdb connection "model.bilal_mortality.my_second_dbt_model"
[0m21:08:14.825760 [debug] [Thread-1 (]: On model.bilal_mortality.my_second_dbt_model: /* {"app": "dbt", "dbt_version": "1.3.2", "profile_name": "bilal_mortality", "target_name": "dev", "node_id": "model.bilal_mortality.my_second_dbt_model"} */
drop view if exists "csv"."my_second_dbt_model__dbt_backup" cascade
[0m21:08:14.826760 [debug] [Thread-1 (]: SQL status: OK in 0.0 seconds
[0m21:08:14.827761 [debug] [Thread-1 (]: finished collecting timing info
[0m21:08:14.827761 [debug] [Thread-1 (]: On model.bilal_mortality.my_second_dbt_model: Close
[0m21:08:14.919179 [debug] [Thread-1 (]: Sending event: {'category': 'dbt', 'action': 'run_model', 'label': 'a99d0fa5-29b5-42a9-8abf-99195fed0064', 'context': [<snowplow_tracker.self_describing_json.SelfDescribingJson object at 0x0000017379C43070>]}
[0m21:08:14.920181 [info ] [Thread-1 (]: 2 of 2 OK created sql view model csv.my_second_dbt_model ....................... [[32mOK[0m in 0.31s]
[0m21:08:14.921179 [debug] [Thread-1 (]: Finished running node model.bilal_mortality.my_second_dbt_model
[0m21:08:14.922180 [debug] [MainThread]: Acquiring new duckdb connection "master"
[0m21:08:14.922180 [debug] [MainThread]: Using duckdb connection "master"
[0m21:08:14.922180 [debug] [MainThread]: On master: BEGIN
[0m21:08:14.923180 [debug] [MainThread]: Opening a new connection, currently in state closed
[0m21:08:15.079179 [debug] [MainThread]: SQL status: OK in 0.16 seconds
[0m21:08:15.079179 [debug] [MainThread]: On master: COMMIT
[0m21:08:15.080178 [debug] [MainThread]: Using duckdb connection "master"
[0m21:08:15.080178 [debug] [MainThread]: On master: COMMIT
[0m21:08:15.080178 [debug] [MainThread]: SQL status: OK in 0.0 seconds
[0m21:08:15.081179 [debug] [MainThread]: On master: Close
[0m21:08:15.082179 [info ] [MainThread]: 
[0m21:08:15.083179 [info ] [MainThread]: Finished running 1 table model, 1 view model in 0 hours 0 minutes and 1.77 seconds (1.77s).
[0m21:08:15.084181 [debug] [MainThread]: Connection 'master' was properly closed.
[0m21:08:15.084181 [debug] [MainThread]: Connection 'create_main_csv' was properly closed.
[0m21:08:15.084181 [debug] [MainThread]: Connection 'list_main_csv' was properly closed.
[0m21:08:15.084181 [debug] [MainThread]: Connection 'model.bilal_mortality.my_second_dbt_model' was properly closed.
[0m21:08:15.091183 [info ] [MainThread]: 
[0m21:08:15.091183 [info ] [MainThread]: [32mCompleted successfully[0m
[0m21:08:15.092210 [info ] [MainThread]: 
[0m21:08:15.093196 [info ] [MainThread]: Done. PASS=2 WARN=0 ERROR=0 SKIP=0 TOTAL=2
[0m21:08:15.093196 [debug] [MainThread]: Sending event: {'category': 'dbt', 'action': 'invocation', 'label': 'end', 'context': [<snowplow_tracker.self_describing_json.SelfDescribingJson object at 0x0000017379C00C40>, <snowplow_tracker.self_describing_json.SelfDescribingJson object at 0x0000017379C42B30>, <snowplow_tracker.self_describing_json.SelfDescribingJson object at 0x0000017379B53E50>]}
[0m21:08:15.094180 [debug] [MainThread]: Flushing usage events
